# JRE version: OpenJDK Runtime Environment (21.0.2+13) (build 21.0.2+13-58)
# Java VM: OpenJDK 64-Bit Server VM (21.0.2+13-58, mixed mode, sharing, tiered, compressed oops, compressed class ptrs, g1 gc, windows-amd64)
GC Precious Log:
 CardTable entry size: 512
 Card Set container configuration: InlinePtr #cards 5 size 8 Array Of Cards #cards 12 size 40 Howl #buckets 4 coarsen threshold 1843 Howl Bitmap #cards 512 size 80 coarsen threshold 460 Card regions per heap region 1 cards per card region 2048
 CPUs: 4 total, 4 available
 Memory: 7975M
 Large Page Support: Disabled
 NUMA Support: Disabled
 Compressed Oops: Enabled (32-bit)
 Heap Region Size: 1M
 Heap Min Capacity: 8M
 Heap Initial Capacity: 126M
 Heap Max Capacity: 1994M
 Pre-touch: Disabled
 Parallel Workers: 4
 Concurrent Workers: 1
 Concurrent Refinement Workers: 4
 Periodic GC: Disabled
Heap:
 garbage-first heap   total 147456K, used 98369K [0x0000000083600000, 0x0000000100000000)
  region size 1024K, 61 young (62464K), 10 survivors (10240K)
 Metaspace       used 88186K, committed 88960K, reserved 1179648K
  class space    used 11978K, committed 12288K, reserved 1048576K
GC Heap History (20 events):
Event: 3.978 GC heap before
{Heap before GC invocations=14 (full 0):
 garbage-first heap   total 124928K, used 105467K [0x0000000083600000, 0x0000000100000000)
  region size 1024K, 71 young (72704K), 9 survivors (9216K)
 Metaspace       used 33137K, committed 33664K, reserved 1114112K
  class space    used 4201K, committed 4416K, reserved 1048576K
}
Event: 3.991 GC heap after
{Heap after GC invocations=15 (full 0):
 garbage-first heap   total 124928K, used 48128K [0x0000000083600000, 0x0000000100000000)
  region size 1024K, 6 young (6144K), 6 survivors (6144K)
 Metaspace       used 33137K, committed 33664K, reserved 1114112K
  class space    used 4201K, committed 4416K, reserved 1048576K
}
Event: 4.176 GC heap before
{Heap before GC invocations=15 (full 0):
 garbage-first heap   total 124928K, used 107520K [0x0000000083600000, 0x0000000100000000)
  region size 1024K, 64 young (65536K), 6 survivors (6144K)
 Metaspace       used 33222K, committed 33728K, reserved 1114112K
  class space    used 4208K, committed 4416K, reserved 1048576K
}
Event: 4.187 GC heap after
{Heap after GC invocations=16 (full 0):
 garbage-first heap   total 124928K, used 49408K [0x0000000083600000, 0x0000000100000000)
  region size 1024K, 2 young (2048K), 2 survivors (2048K)
 Metaspace       used 33222K, committed 33728K, reserved 1114112K
  class space    used 4208K, committed 4416K, reserved 1048576K
}
Event: 4.474 GC heap before
{Heap before GC invocations=16 (full 0):
 garbage-first heap   total 124928K, used 110848K [0x0000000083600000, 0x0000000100000000)
  region size 1024K, 62 young (63488K), 2 survivors (2048K)
 Metaspace       used 33450K, committed 33920K, reserved 1114112K
  class space    used 4225K, committed 4416K, reserved 1048576K
}
Event: 4.478 GC heap after
{Heap after GC invocations=17 (full 0):
 garbage-first heap   total 225280K, used 49333K [0x0000000083600000, 0x0000000100000000)
  region size 1024K, 2 young (2048K), 2 survivors (2048K)
 Metaspace       used 33450K, committed 33920K, reserved 1114112K
  class space    used 4225K, committed 4416K, reserved 1048576K
}
Event: 4.977 GC heap before
{Heap before GC invocations=17 (full 0):
 garbage-first heap   total 225280K, used 181429K [0x0000000083600000, 0x0000000100000000)
  region size 1024K, 132 young (135168K), 2 survivors (2048K)
 Metaspace       used 33854K, committed 34368K, reserved 1114112K
  class space    used 4287K, committed 4544K, reserved 1048576K
}
Event: 4.980 GC heap after
{Heap after GC invocations=18 (full 0):
 garbage-first heap   total 225280K, used 49809K [0x0000000083600000, 0x0000000100000000)
  region size 1024K, 3 young (3072K), 3 survivors (3072K)
 Metaspace       used 33854K, committed 34368K, reserved 1114112K
  class space    used 4287K, committed 4544K, reserved 1048576K
}
Event: 5.736 GC heap before
{Heap before GC invocations=18 (full 0):
 garbage-first heap   total 225280K, used 141969K [0x0000000083600000, 0x0000000100000000)
  region size 1024K, 89 young (91136K), 3 survivors (3072K)
 Metaspace       used 35431K, committed 35968K, reserved 1114112K
  class space    used 4529K, committed 4800K, reserved 1048576K
}
Event: 5.739 GC heap after
{Heap after GC invocations=19 (full 0):
 garbage-first heap   total 225280K, used 50763K [0x0000000083600000, 0x0000000100000000)
  region size 1024K, 4 young (4096K), 4 survivors (4096K)
 Metaspace       used 35431K, committed 35968K, reserved 1114112K
  class space    used 4529K, committed 4800K, reserved 1048576K
}
Event: 6.691 GC heap before
{Heap before GC invocations=20 (full 0):
 garbage-first heap   total 157696K, used 135499K [0x0000000083600000, 0x0000000100000000)
  region size 1024K, 92 young (94208K), 4 survivors (4096K)
 Metaspace       used 41183K, committed 41728K, reserved 1114112K
  class space    used 5191K, committed 5440K, reserved 1048576K
}
Event: 6.696 GC heap after
{Heap after GC invocations=21 (full 0):
 garbage-first heap   total 157696K, used 46080K [0x0000000083600000, 0x0000000100000000)
  region size 1024K, 4 young (4096K), 4 survivors (4096K)
 Metaspace       used 41183K, committed 41728K, reserved 1114112K
  class space    used 5191K, committed 5440K, reserved 1048576K
}
Event: 7.367 GC heap before
{Heap before GC invocations=21 (full 0):
 garbage-first heap   total 157696K, used 136192K [0x0000000083600000, 0x0000000100000000)
  region size 1024K, 92 young (94208K), 4 survivors (4096K)
 Metaspace       used 48155K, committed 48768K, reserved 1114112K
  class space    used 6240K, committed 6528K, reserved 1048576K
}
Event: 7.372 GC heap after
{Heap after GC invocations=22 (full 0):
 garbage-first heap   total 157696K, used 37988K [0x0000000083600000, 0x0000000100000000)
  region size 1024K, 6 young (6144K), 6 survivors (6144K)
 Metaspace       used 48155K, committed 48768K, reserved 1114112K
  class space    used 6240K, committed 6528K, reserved 1048576K
}
Event: 8.212 GC heap before
{Heap before GC invocations=22 (full 0):
 garbage-first heap   total 157696K, used 80996K [0x0000000083600000, 0x0000000100000000)
  region size 1024K, 50 young (51200K), 6 survivors (6144K)
 Metaspace       used 60341K, committed 60928K, reserved 1114112K
  class space    used 8002K, committed 8256K, reserved 1048576K
}
Event: 8.219 GC heap after
{Heap after GC invocations=23 (full 0):
 garbage-first heap   total 157696K, used 40280K [0x0000000083600000, 0x0000000100000000)
  region size 1024K, 9 young (9216K), 9 survivors (9216K)
 Metaspace       used 60341K, committed 60928K, reserved 1114112K
  class space    used 8002K, committed 8256K, reserved 1048576K
}
Event: 9.253 GC heap before
{Heap before GC invocations=24 (full 0):
 garbage-first heap   total 147456K, used 119128K [0x0000000083600000, 0x0000000100000000)
  region size 1024K, 86 young (88064K), 9 survivors (9216K)
 Metaspace       used 70198K, committed 70912K, reserved 1114112K
  class space    used 9441K, committed 9728K, reserved 1048576K
}
Event: 9.261 GC heap after
{Heap after GC invocations=25 (full 0):
 garbage-first heap   total 147456K, used 44623K [0x0000000083600000, 0x0000000100000000)
  region size 1024K, 9 young (9216K), 9 survivors (9216K)
 Metaspace       used 70198K, committed 70912K, reserved 1114112K
  class space    used 9441K, committed 9728K, reserved 1048576K
}
Event: 10.846 GC heap before
{Heap before GC invocations=25 (full 0):
 garbage-first heap   total 147456K, used 122447K [0x0000000083600000, 0x0000000100000000)
  region size 1024K, 86 young (88064K), 9 survivors (9216K)
 Metaspace       used 79506K, committed 80192K, reserved 1179648K
  class space    used 10872K, committed 11200K, reserved 1048576K
}
Event: 10.858 GC heap after
{Heap after GC invocations=26 (full 0):
 garbage-first heap   total 147456K, used 48193K [0x0000000083600000, 0x0000000100000000)
  region size 1024K, 10 young (10240K), 10 survivors (10240K)
 Metaspace       used 79506K, committed 80192K, reserved 1179648K
  class space    used 10872K, committed 11200K, reserved 1048576K
}

