# JRE version: OpenJDK Runtime Environment (21.0.2+13) (build 21.0.2+13-58)
# Java VM: OpenJDK 64-Bit Server VM (21.0.2+13-58, mixed mode, sharing, tiered, compressed oops, compressed class ptrs, g1 gc, windows-amd64)
GC Precious Log:
 CardTable entry size: 512
 Card Set container configuration: InlinePtr #cards 5 size 8 Array Of Cards #cards 12 size 40 Howl #buckets 4 coarsen threshold 1843 Howl Bitmap #cards 512 size 80 coarsen threshold 460 Card regions per heap region 1 cards per card region 2048
 CPUs: 4 total, 4 available
 Memory: 7975M
 Large Page Support: Disabled
 NUMA Support: Disabled
 Compressed Oops: Enabled (32-bit)
 Heap Region Size: 1M
 Heap Min Capacity: 8M
 Heap Initial Capacity: 126M
 Heap Max Capacity: 1994M
 Pre-touch: Disabled
 Parallel Workers: 4
 Concurrent Workers: 1
 Concurrent Refinement Workers: 4
 Periodic GC: Disabled
Heap:
 garbage-first heap   total 142336K, used 107910K [0x0000000083600000, 0x0000000100000000)
  region size 1024K, 59 young (60416K), 4 survivors (4096K)
 Metaspace       used 36707K, committed 37184K, reserved 1114112K
  class space    used 4648K, committed 4864K, reserved 1048576K
GC Heap History (20 events):
Event: 5.266 GC heap before
{Heap before GC invocations=9 (full 0):
 garbage-first heap   total 61440K, used 51072K [0x0000000083600000, 0x0000000100000000)
  region size 1024K, 31 young (31744K), 4 survivors (4096K)
 Metaspace       used 33114K, committed 33600K, reserved 1114112K
  class space    used 4198K, committed 4416K, reserved 1048576K
}
Event: 5.272 GC heap after
{Heap after GC invocations=10 (full 0):
 garbage-first heap   total 73728K, used 27139K [0x0000000083600000, 0x0000000100000000)
  region size 1024K, 3 young (3072K), 3 survivors (3072K)
 Metaspace       used 33114K, committed 33600K, reserved 1114112K
  class space    used 4198K, committed 4416K, reserved 1048576K
}
Event: 5.413 GC heap before
{Heap before GC invocations=10 (full 0):
 garbage-first heap   total 73728K, used 62979K [0x0000000083600000, 0x0000000100000000)
  region size 1024K, 38 young (38912K), 3 survivors (3072K)
 Metaspace       used 33121K, committed 33600K, reserved 1114112K
  class space    used 4198K, committed 4416K, reserved 1048576K
}
Event: 5.417 GC heap after
{Heap after GC invocations=11 (full 0):
 garbage-first heap   total 73728K, used 29824K [0x0000000083600000, 0x0000000100000000)
  region size 1024K, 5 young (5120K), 5 survivors (5120K)
 Metaspace       used 33121K, committed 33600K, reserved 1114112K
  class space    used 4198K, committed 4416K, reserved 1048576K
}
Event: 5.454 GC heap before
{Heap before GC invocations=11 (full 0):
 garbage-first heap   total 73728K, used 62592K [0x0000000083600000, 0x0000000100000000)
  region size 1024K, 37 young (37888K), 5 survivors (5120K)
 Metaspace       used 33121K, committed 33600K, reserved 1114112K
  class space    used 4198K, committed 4416K, reserved 1048576K
}
Event: 5.459 GC heap after
{Heap after GC invocations=12 (full 0):
 garbage-first heap   total 73728K, used 33383K [0x0000000083600000, 0x0000000100000000)
  region size 1024K, 3 young (3072K), 3 survivors (3072K)
 Metaspace       used 33121K, committed 33600K, reserved 1114112K
  class space    used 4198K, committed 4416K, reserved 1048576K
}
Event: 5.494 GC heap before
{Heap before GC invocations=12 (full 0):
 garbage-first heap   total 73728K, used 65127K [0x0000000083600000, 0x0000000100000000)
  region size 1024K, 34 young (34816K), 3 survivors (3072K)
 Metaspace       used 33121K, committed 33600K, reserved 1114112K
  class space    used 4198K, committed 4416K, reserved 1048576K
}
Event: 5.499 GC heap after
{Heap after GC invocations=13 (full 0):
 garbage-first heap   total 73728K, used 36569K [0x0000000083600000, 0x0000000100000000)
  region size 1024K, 3 young (3072K), 3 survivors (3072K)
 Metaspace       used 33121K, committed 33600K, reserved 1114112K
  class space    used 4198K, committed 4416K, reserved 1048576K
}
Event: 5.528 GC heap before
{Heap before GC invocations=13 (full 0):
 garbage-first heap   total 73728K, used 65241K [0x0000000083600000, 0x0000000100000000)
  region size 1024K, 31 young (31744K), 3 survivors (3072K)
 Metaspace       used 33121K, committed 33600K, reserved 1114112K
  class space    used 4198K, committed 4416K, reserved 1048576K
}
Event: 5.532 GC heap after
{Heap after GC invocations=14 (full 0):
 garbage-first heap   total 142336K, used 39062K [0x0000000083600000, 0x0000000100000000)
  region size 1024K, 3 young (3072K), 3 survivors (3072K)
 Metaspace       used 33121K, committed 33600K, reserved 1114112K
  class space    used 4198K, committed 4416K, reserved 1048576K
}
Event: 5.972 GC heap before
{Heap before GC invocations=15 (full 0):
 garbage-first heap   total 142336K, used 120982K [0x0000000083600000, 0x0000000100000000)
  region size 1024K, 83 young (84992K), 3 survivors (3072K)
 Metaspace       used 33132K, committed 33600K, reserved 1114112K
  class space    used 4198K, committed 4416K, reserved 1048576K
}
Event: 5.980 GC heap after
{Heap after GC invocations=16 (full 0):
 garbage-first heap   total 142336K, used 47900K [0x0000000083600000, 0x0000000100000000)
  region size 1024K, 11 young (11264K), 11 survivors (11264K)
 Metaspace       used 33132K, committed 33600K, reserved 1114112K
  class space    used 4198K, committed 4416K, reserved 1048576K
}
Event: 6.851 GC heap before
{Heap before GC invocations=16 (full 0):
 garbage-first heap   total 142336K, used 118556K [0x0000000083600000, 0x0000000100000000)
  region size 1024K, 80 young (81920K), 11 survivors (11264K)
 Metaspace       used 33210K, committed 33664K, reserved 1114112K
  class space    used 4205K, committed 4416K, reserved 1048576K
}
Event: 6.858 GC heap after
{Heap after GC invocations=17 (full 0):
 garbage-first heap   total 142336K, used 49152K [0x0000000083600000, 0x0000000100000000)
  region size 1024K, 2 young (2048K), 2 survivors (2048K)
 Metaspace       used 33210K, committed 33664K, reserved 1114112K
  class space    used 4205K, committed 4416K, reserved 1048576K
}
Event: 7.055 GC heap before
{Heap before GC invocations=17 (full 0):
 garbage-first heap   total 142336K, used 123904K [0x0000000083600000, 0x0000000100000000)
  region size 1024K, 75 young (76800K), 2 survivors (2048K)
 Metaspace       used 33551K, committed 34112K, reserved 1114112K
  class space    used 4227K, committed 4480K, reserved 1048576K
}
Event: 7.057 GC heap after
{Heap after GC invocations=18 (full 0):
 garbage-first heap   total 142336K, used 49097K [0x0000000083600000, 0x0000000100000000)
  region size 1024K, 2 young (2048K), 2 survivors (2048K)
 Metaspace       used 33551K, committed 34112K, reserved 1114112K
  class space    used 4227K, committed 4480K, reserved 1048576K
}
Event: 7.256 GC heap before
{Heap before GC invocations=18 (full 0):
 garbage-first heap   total 142336K, used 125897K [0x0000000083600000, 0x0000000100000000)
  region size 1024K, 77 young (78848K), 2 survivors (2048K)
 Metaspace       used 33703K, committed 34240K, reserved 1114112K
  class space    used 4267K, committed 4544K, reserved 1048576K
}
Event: 7.258 GC heap after
{Heap after GC invocations=19 (full 0):
 garbage-first heap   total 142336K, used 49282K [0x0000000083600000, 0x0000000100000000)
  region size 1024K, 3 young (3072K), 3 survivors (3072K)
 Metaspace       used 33703K, committed 34240K, reserved 1114112K
  class space    used 4267K, committed 4544K, reserved 1048576K
}
Event: 8.396 GC heap before
{Heap before GC invocations=19 (full 0):
 garbage-first heap   total 142336K, used 132226K [0x0000000083600000, 0x0000000100000000)
  region size 1024K, 81 young (82944K), 3 survivors (3072K)
 Metaspace       used 33958K, committed 34496K, reserved 1114112K
  class space    used 4305K, committed 4544K, reserved 1048576K
}
Event: 8.399 GC heap after
{Heap after GC invocations=20 (full 0):
 garbage-first heap   total 142336K, used 51590K [0x0000000083600000, 0x0000000100000000)
  region size 1024K, 4 young (4096K), 4 survivors (4096K)
 Metaspace       used 33958K, committed 34496K, reserved 1114112K
  class space    used 4305K, committed 4544K, reserved 1048576K
}

