# JRE version: OpenJDK Runtime Environment (21.0.2+13) (build 21.0.2+13-58)
# Java VM: OpenJDK 64-Bit Server VM (21.0.2+13-58, mixed mode, sharing, tiered, compressed oops, compressed class ptrs, g1 gc, windows-amd64)
GC Precious Log:
 CardTable entry size: 512
 Card Set container configuration: InlinePtr #cards 5 size 8 Array Of Cards #cards 12 size 40 Howl #buckets 4 coarsen threshold 1843 Howl Bitmap #cards 512 size 80 coarsen threshold 460 Card regions per heap region 1 cards per card region 2048
 CPUs: 4 total, 4 available
 Memory: 7975M
 Large Page Support: Disabled
 NUMA Support: Disabled
 Compressed Oops: Enabled (32-bit)
 Heap Region Size: 1M
 Heap Min Capacity: 8M
 Heap Initial Capacity: 126M
 Heap Max Capacity: 1994M
 Pre-touch: Disabled
 Parallel Workers: 4
 Concurrent Workers: 1
 Concurrent Refinement Workers: 4
 Periodic GC: Disabled
Heap:
 garbage-first heap   total 147456K, used 59544K [0x0000000083600000, 0x0000000100000000)
  region size 1024K, 23 young (23552K), 10 survivors (10240K)
 Metaspace       used 79239K, committed 79936K, reserved 1179648K
  class space    used 10764K, committed 11072K, reserved 1048576K
GC Heap History (20 events):
Event: 4.057 GC heap before
{Heap before GC invocations=14 (full 0):
 garbage-first heap   total 133120K, used 111500K [0x0000000083600000, 0x0000000100000000)
  region size 1024K, 77 young (78848K), 10 survivors (10240K)
 Metaspace       used 33252K, committed 33728K, reserved 1114112K
  class space    used 4202K, committed 4416K, reserved 1048576K
}
Event: 4.066 GC heap after
{Heap after GC invocations=15 (full 0):
 garbage-first heap   total 133120K, used 48557K [0x0000000083600000, 0x0000000100000000)
  region size 1024K, 6 young (6144K), 6 survivors (6144K)
 Metaspace       used 33252K, committed 33728K, reserved 1114112K
  class space    used 4202K, committed 4416K, reserved 1048576K
}
Event: 4.253 GC heap before
{Heap before GC invocations=15 (full 0):
 garbage-first heap   total 133120K, used 114093K [0x0000000083600000, 0x0000000100000000)
  region size 1024K, 70 young (71680K), 6 survivors (6144K)
 Metaspace       used 33270K, committed 33728K, reserved 1114112K
  class space    used 4206K, committed 4416K, reserved 1048576K
}
Event: 4.258 GC heap after
{Heap after GC invocations=16 (full 0):
 garbage-first heap   total 133120K, used 50068K [0x0000000083600000, 0x0000000100000000)
  region size 1024K, 2 young (2048K), 2 survivors (2048K)
 Metaspace       used 33270K, committed 33728K, reserved 1114112K
  class space    used 4206K, committed 4416K, reserved 1048576K
}
Event: 4.484 GC heap before
{Heap before GC invocations=16 (full 0):
 garbage-first heap   total 133120K, used 118676K [0x0000000083600000, 0x0000000100000000)
  region size 1024K, 69 young (70656K), 2 survivors (2048K)
 Metaspace       used 33617K, committed 34176K, reserved 1114112K
  class space    used 4227K, committed 4480K, reserved 1048576K
}
Event: 4.488 GC heap after
{Heap after GC invocations=17 (full 0):
 garbage-first heap   total 205824K, used 50068K [0x0000000083600000, 0x0000000100000000)
  region size 1024K, 2 young (2048K), 2 survivors (2048K)
 Metaspace       used 33617K, committed 34176K, reserved 1114112K
  class space    used 4227K, committed 4480K, reserved 1048576K
}
Event: 5.325 GC heap before
{Heap before GC invocations=17 (full 0):
 garbage-first heap   total 205824K, used 169876K [0x0000000083600000, 0x0000000100000000)
  region size 1024K, 120 young (122880K), 2 survivors (2048K)
 Metaspace       used 33895K, committed 34432K, reserved 1114112K
  class space    used 4282K, committed 4544K, reserved 1048576K
}
Event: 5.328 GC heap after
{Heap after GC invocations=18 (full 0):
 garbage-first heap   total 205824K, used 50165K [0x0000000083600000, 0x0000000100000000)
  region size 1024K, 3 young (3072K), 3 survivors (3072K)
 Metaspace       used 33895K, committed 34432K, reserved 1114112K
  class space    used 4282K, committed 4544K, reserved 1048576K
}
Event: 5.731 GC heap before
{Heap before GC invocations=18 (full 0):
 garbage-first heap   total 205824K, used 130037K [0x0000000083600000, 0x0000000100000000)
  region size 1024K, 77 young (78848K), 3 survivors (3072K)
 Metaspace       used 35608K, committed 36096K, reserved 1114112K
  class space    used 4535K, committed 4800K, reserved 1048576K
}
Event: 5.734 GC heap after
{Heap after GC invocations=19 (full 0):
 garbage-first heap   total 205824K, used 51396K [0x0000000083600000, 0x0000000100000000)
  region size 1024K, 4 young (4096K), 4 survivors (4096K)
 Metaspace       used 35608K, committed 36096K, reserved 1114112K
  class space    used 4535K, committed 4800K, reserved 1048576K
}
Event: 6.632 GC heap before
{Heap before GC invocations=20 (full 0):
 garbage-first heap   total 153600K, used 132400K [0x0000000083600000, 0x0000000100000000)
  region size 1024K, 90 young (92160K), 4 survivors (4096K)
 Metaspace       used 41099K, committed 41600K, reserved 1114112K
  class space    used 5174K, committed 5376K, reserved 1048576K
}
Event: 6.635 GC heap after
{Heap after GC invocations=21 (full 0):
 garbage-first heap   total 153600K, used 44871K [0x0000000083600000, 0x0000000100000000)
  region size 1024K, 4 young (4096K), 4 survivors (4096K)
 Metaspace       used 41099K, committed 41600K, reserved 1114112K
  class space    used 5174K, committed 5376K, reserved 1048576K
}
Event: 7.205 GC heap before
{Heap before GC invocations=21 (full 0):
 garbage-first heap   total 153600K, used 132935K [0x0000000083600000, 0x0000000100000000)
  region size 1024K, 90 young (92160K), 4 survivors (4096K)
 Metaspace       used 47280K, committed 47808K, reserved 1114112K
  class space    used 6105K, committed 6336K, reserved 1048576K
}
Event: 7.210 GC heap after
{Heap after GC invocations=22 (full 0):
 garbage-first heap   total 153600K, used 36964K [0x0000000083600000, 0x0000000100000000)
  region size 1024K, 6 young (6144K), 6 survivors (6144K)
 Metaspace       used 47280K, committed 47808K, reserved 1114112K
  class space    used 6105K, committed 6336K, reserved 1048576K
}
Event: 8.208 GC heap before
{Heap before GC invocations=22 (full 0):
 garbage-first heap   total 153600K, used 87140K [0x0000000083600000, 0x0000000100000000)
  region size 1024K, 56 young (57344K), 6 survivors (6144K)
 Metaspace       used 60968K, committed 61568K, reserved 1114112K
  class space    used 8096K, committed 8384K, reserved 1048576K
}
Event: 8.214 GC heap after
{Heap after GC invocations=23 (full 0):
 garbage-first heap   total 153600K, used 39647K [0x0000000083600000, 0x0000000100000000)
  region size 1024K, 9 young (9216K), 9 survivors (9216K)
 Metaspace       used 60968K, committed 61568K, reserved 1114112K
  class space    used 8096K, committed 8384K, reserved 1048576K
}
Event: 9.233 GC heap before
{Heap before GC invocations=24 (full 0):
 garbage-first heap   total 147456K, used 118495K [0x0000000083600000, 0x0000000100000000)
  region size 1024K, 86 young (88064K), 9 survivors (9216K)
 Metaspace       used 70735K, committed 71360K, reserved 1114112K
  class space    used 9545K, committed 9792K, reserved 1048576K
}
Event: 9.244 GC heap after
{Heap after GC invocations=25 (full 0):
 garbage-first heap   total 147456K, used 43760K [0x0000000083600000, 0x0000000100000000)
  region size 1024K, 9 young (9216K), 9 survivors (9216K)
 Metaspace       used 70735K, committed 71360K, reserved 1114112K
  class space    used 9545K, committed 9792K, reserved 1048576K
}
Event: 10.049 GC heap before
{Heap before GC invocations=25 (full 0):
 garbage-first heap   total 147456K, used 121584K [0x0000000083600000, 0x0000000100000000)
  region size 1024K, 86 young (88064K), 9 survivors (9216K)
 Metaspace       used 76907K, committed 77632K, reserved 1179648K
  class space    used 10472K, committed 10816K, reserved 1048576K
}
Event: 10.060 GC heap after
{Heap after GC invocations=26 (full 0):
 garbage-first heap   total 147456K, used 47256K [0x0000000083600000, 0x0000000100000000)
  region size 1024K, 10 young (10240K), 10 survivors (10240K)
 Metaspace       used 76907K, committed 77632K, reserved 1179648K
  class space    used 10472K, committed 10816K, reserved 1048576K
}

